mktextfm Sans
mktextfm Sans
mktextfm Sans
mktextfm Sans
mktextfm Sans
mktextfm Sans/I
mktextfm Sans
mktextfm Sans/I
mktextfm Sans
mktextfm Sans
mktextfm gbsn
mktextfm WenQuanYi
mktextfm WenQuanYi
mktextfm WenQuanYi
mktextfm WenQuanYi
mktextfm WenQuanYi
mktextfm WenQuanYi/I
mktextfm WenQuanYi
mktextfm WenQuanYi/I
mktextfm WenQuanYi
mktextfm WenQuanYi
mktextfm WenQuanYi
mktextfm WenQuanYi
mktextfm WenQuanYi
mktextfm WenQuanYi
mktextfm WenQuanYi
mktextfm WenQuanYi
mktextfm WenQuanYi
mktextfm WenQuanYi
mktextfm zhsong
mktextfm zhsong
mktextfm zhsong
mktextfm zhsong
mktextfm zhsong
mktextfm zhsong/I
mktextfm zhsong
mktextfm zhsong/I
mktextfm zhsong
mktextfm zhsong
mktextfm zhsong
mktextfm zhsong
mktextfm zhsong
mktextfm zhsong
mktextfm zhsong
mktextfm zhsong
mktextfm zhsong
mktextfm zhsong
mktextfm zhsong
mktextfm zhsong
mktextfm zhsong
mktextfm zhsong
mktextfm gbsn
mktextfm gbsn
mktextfm gbsn
mktextfm gbsn
mktextfm gbsn
mktextfm gbsn/I
mktextfm gbsn
mktextfm gbsn/I
mktextfm gbsn
mktextfm gbsn
mktextfm gbsn
mktextfm gbsn
mktextfm gbsn
mktextfm gbsn
mktextfm gbsn
mktextfm gbsn
mktextfm gbsn
mktextfm gbsn
mktextfm gbsn
mktextfm gbsn
mktextfm gbsn
mktextfm gbsn
mktextfm SimHei
mktextfm SimHei
mktextfm SimHei
mktextfm SimHei
mktextfm SimHei
mktextfm SimHei/I
mktextfm SimHei
mktextfm SimHei/I
mktextfm SimHei
mktextfm SimHei
mktextfm SimHei
mktextfm SimHei
mktextfm SimHei
mktextfm SimHei
mktextfm SimHei
mktextfm SimHei
mktextfm SimHei
mktextfm SimHei
mktextfm SimHei
mktextfm SimHei
mktextfm SimHei
mktextfm SimHei
mktextfm sans
mktextfm sans
mktextfm sans
mktextfm sans
mktextfm sans
mktextfm sans/I
mktextfm sans
mktextfm sans/I
mktextfm sans
mktextfm sans
mktextfm sans
mktextfm sans
mktextfm sans
mktextfm sans
mktextfm sans
mktextfm sans
mktextfm sans
mktextfm sans
mktextfm sans
mktextfm sans
mktextfm sans
mktextfm sans
mktextfm gbsn
mktextfm gbsn
mktextfm gbsn
mktextfm gbsn
mktextfm gbsn
mktextfm gbsn/I
mktextfm gbsn
mktextfm gbsn/I
mktextfm gbsn
mktextfm gbsn
mktextfm gbsn
mktextfm gbsn
mktextfm gbsn
mktextfm gbsn
mktextfm gbsn
mktextfm gbsn
mktextfm gbsn
mktextfm gbsn
mktextfm gbsn
mktextfm gbsn
mktextfm gbsn
mktextfm gbsn
